{
  "stats": {
    "suites": 1,
    "tests": 2,
    "passes": 2,
    "pending": 0,
    "failures": 0,
    "start": "2023-08-21T16:58:47.294Z",
    "end": "2023-08-21T16:58:47.956Z",
    "duration": 662,
    "testsRegistered": 2,
    "passPercent": 100,
    "pendingPercent": 0,
    "other": 0,
    "hasOther": false,
    "skipped": 0,
    "hasSkipped": false
  },
  "results": [
    {
      "uuid": "83dbdcfb-1867-4386-a879-aac76ae07232",
      "title": "",
      "fullFile": "cypress/e2e/healthapp/create_beneficiary.cy.js",
      "file": "cypress/e2e/healthapp/create_beneficiary.cy.js",
      "beforeHooks": [],
      "afterHooks": [],
      "tests": [],
      "suites": [
        {
          "uuid": "e7950712-8b53-471f-a4ee-0c8d99473d44",
          "title": "Create Beneficiary Test suite",
          "fullFile": "",
          "file": "",
          "beforeHooks": [],
          "afterHooks": [],
          "tests": [
            {
              "title": "Create Beneficiary with valid data",
              "fullTitle": "Create Beneficiary Test suite Create Beneficiary with valid data",
              "timedOut": null,
              "duration": 532,
              "state": "passed",
              "speed": "fast",
              "pass": true,
              "fail": false,
              "pending": false,
              "context": null,
              "code": "let cusData = beneficiary.createBeneficiary;\ncusData.RequestInfo.authToken = `${accessToken}`;\ncy.postCall('/project/beneficiary/v1/_create', cusData).should(response => {\n  expect(response.status).to.eq(202);\n});",
              "err": {},
              "uuid": "607f6d16-b820-4e64-9856-115133b93cf5",
              "parentUUID": "e7950712-8b53-471f-a4ee-0c8d99473d44",
              "isHook": false,
              "skipped": false
            },
            {
              "title": "Create Beneficiary with valid data and invalid auth",
              "fullTitle": "Create Beneficiary Test suite Create Beneficiary with valid data and invalid auth",
              "timedOut": null,
              "duration": 98,
              "state": "passed",
              "speed": "fast",
              "pass": true,
              "fail": false,
              "pending": false,
              "context": null,
              "code": "let cusData = beneficiary.createBeneficiary;\ncusData.RequestInfo.authToken = `invalidtoken`;\ncy.postCall('/household/v1/_create', cusData).should(response => {\n  //Authentication failure should retun 401 but here its 500\n  expect(response.status).to.eq(500);\n});",
              "err": {},
              "uuid": "39b217cb-e124-4681-9621-697040a7cda0",
              "parentUUID": "e7950712-8b53-471f-a4ee-0c8d99473d44",
              "isHook": false,
              "skipped": false
            }
          ],
          "suites": [],
          "passes": [
            "607f6d16-b820-4e64-9856-115133b93cf5",
            "39b217cb-e124-4681-9621-697040a7cda0"
          ],
          "failures": [],
          "pending": [],
          "skipped": [],
          "duration": 630,
          "root": false,
          "rootEmpty": false,
          "_timeout": 2000
        }
      ],
      "passes": [],
      "failures": [],
      "pending": [],
      "skipped": [],
      "duration": 0,
      "root": true,
      "rootEmpty": true,
      "_timeout": 2000
    }
  ],
  "meta": {
    "mocha": {
      "version": "7.0.1"
    },
    "mochawesome": {
      "options": {
        "quiet": false,
        "reportFilename": "mochawesome",
        "saveHtml": false,
        "saveJson": true,
        "consoleReporter": "spec",
        "useInlineDiffs": false,
        "code": true
      },
      "version": "7.1.3"
    },
    "marge": {
      "options": {
        "overwrite": false,
        "html": false,
        "json": true
      },
      "version": "6.2.0"
    }
  }
}