{
  "stats": {
    "suites": 1,
    "tests": 2,
    "passes": 2,
    "pending": 0,
    "failures": 0,
    "start": "2023-08-24T12:17:35.515Z",
    "end": "2023-08-24T12:17:36.232Z",
    "duration": 717,
    "testsRegistered": 2,
    "passPercent": 100,
    "pendingPercent": 0,
    "other": 0,
    "hasOther": false,
    "skipped": 0,
    "hasSkipped": false
  },
  "results": [
    {
      "uuid": "85fa62ae-ab70-498a-97f0-1c11c84694bf",
      "title": "",
      "fullFile": "cypress/e2e/healthapp/create_household.cy.js",
      "file": "cypress/e2e/healthapp/create_household.cy.js",
      "beforeHooks": [],
      "afterHooks": [],
      "tests": [],
      "suites": [
        {
          "uuid": "44ac6ce5-07cd-4aa7-8b55-36d698f21c9e",
          "title": "Register Household Test suite",
          "fullFile": "",
          "file": "",
          "beforeHooks": [],
          "afterHooks": [],
          "tests": [
            {
              "title": "create household with valid data",
              "fullTitle": "Register Household Test suite create household with valid data",
              "timedOut": null,
              "duration": 592,
              "state": "passed",
              "speed": "fast",
              "pass": true,
              "fail": false,
              "pending": false,
              "context": null,
              "code": "let cusData = household.createHousehold;\ncusData.RequestInfo.authToken = `${accessToken}`;\ncy.postCall('/household/v1/_create', cusData).should(response => {\n  expect(response.status).to.eq(202);\n});",
              "err": {},
              "uuid": "1efe97d8-d1f6-4129-9a48-cf1a2c970a43",
              "parentUUID": "44ac6ce5-07cd-4aa7-8b55-36d698f21c9e",
              "isHook": false,
              "skipped": false
            },
            {
              "title": "create household with valid data and invalid auth",
              "fullTitle": "Register Household Test suite create household with valid data and invalid auth",
              "timedOut": null,
              "duration": 79,
              "state": "passed",
              "speed": "fast",
              "pass": true,
              "fail": false,
              "pending": false,
              "context": null,
              "code": "let cusData = household.createHousehold;\ncusData.RequestInfo.authToken = `invalidtoken`;\ncy.postCall('/household/v1/_create', cusData).should(response => {\n  //Authentication failure should retun 401 but here its 500\n  expect(response.status).to.eq(500);\n});",
              "err": {},
              "uuid": "d9b042bf-3964-41ca-9208-779986bc739d",
              "parentUUID": "44ac6ce5-07cd-4aa7-8b55-36d698f21c9e",
              "isHook": false,
              "skipped": false
            }
          ],
          "suites": [],
          "passes": [
            "1efe97d8-d1f6-4129-9a48-cf1a2c970a43",
            "d9b042bf-3964-41ca-9208-779986bc739d"
          ],
          "failures": [],
          "pending": [],
          "skipped": [],
          "duration": 671,
          "root": false,
          "rootEmpty": false,
          "_timeout": 2000
        }
      ],
      "passes": [],
      "failures": [],
      "pending": [],
      "skipped": [],
      "duration": 0,
      "root": true,
      "rootEmpty": true,
      "_timeout": 2000
    }
  ],
  "meta": {
    "mocha": {
      "version": "7.0.1"
    },
    "mochawesome": {
      "options": {
        "quiet": false,
        "reportFilename": "mochawesome",
        "saveHtml": false,
        "saveJson": true,
        "consoleReporter": "spec",
        "useInlineDiffs": false,
        "code": true
      },
      "version": "7.1.3"
    },
    "marge": {
      "options": {
        "overwrite": false,
        "html": false,
        "json": true
      },
      "version": "6.2.0"
    }
  }
}