{
  "stats": {
    "suites": 1,
    "tests": 2,
    "passes": 2,
    "pending": 0,
    "failures": 0,
    "start": "2023-08-24T12:17:29.973Z",
    "end": "2023-08-24T12:17:31.134Z",
    "duration": 1161,
    "testsRegistered": 2,
    "passPercent": 100,
    "pendingPercent": 0,
    "other": 0,
    "hasOther": false,
    "skipped": 0,
    "hasSkipped": false
  },
  "results": [
    {
      "uuid": "6bbb1fce-f826-4683-b959-826f95f83ab1",
      "title": "",
      "fullFile": "cypress/e2e/healthapp/create_beneficiary.cy.js",
      "file": "cypress/e2e/healthapp/create_beneficiary.cy.js",
      "beforeHooks": [],
      "afterHooks": [],
      "tests": [],
      "suites": [
        {
          "uuid": "4c845b08-877c-4616-b098-b3b6c4f255ca",
          "title": "Create Beneficiary Test suite",
          "fullFile": "",
          "file": "",
          "beforeHooks": [],
          "afterHooks": [],
          "tests": [
            {
              "title": "Create Beneficiary with valid data",
              "fullTitle": "Create Beneficiary Test suite Create Beneficiary with valid data",
              "timedOut": null,
              "duration": 1033,
              "state": "passed",
              "speed": "fast",
              "pass": true,
              "fail": false,
              "pending": false,
              "context": null,
              "code": "let cusData = beneficiary.createBeneficiary;\ncusData.RequestInfo.authToken = `${accessToken}`;\ncy.postCall('/project/beneficiary/v1/_create', cusData).should(response => {\n  expect(response.status).to.eq(202);\n});",
              "err": {},
              "uuid": "f078c62d-1dcc-4183-9ff4-4bb29fb0c043",
              "parentUUID": "4c845b08-877c-4616-b098-b3b6c4f255ca",
              "isHook": false,
              "skipped": false
            },
            {
              "title": "Create Beneficiary with valid data and invalid auth",
              "fullTitle": "Create Beneficiary Test suite Create Beneficiary with valid data and invalid auth",
              "timedOut": null,
              "duration": 97,
              "state": "passed",
              "speed": "fast",
              "pass": true,
              "fail": false,
              "pending": false,
              "context": null,
              "code": "let cusData = beneficiary.createBeneficiary;\ncusData.RequestInfo.authToken = `invalidtoken`;\ncy.postCall('/household/v1/_create', cusData).should(response => {\n  //Authentication failure should retun 401 but here its 500\n  expect(response.status).to.eq(500);\n});",
              "err": {},
              "uuid": "d27c4987-8ed9-42bc-afc7-ba967654dac0",
              "parentUUID": "4c845b08-877c-4616-b098-b3b6c4f255ca",
              "isHook": false,
              "skipped": false
            }
          ],
          "suites": [],
          "passes": [
            "f078c62d-1dcc-4183-9ff4-4bb29fb0c043",
            "d27c4987-8ed9-42bc-afc7-ba967654dac0"
          ],
          "failures": [],
          "pending": [],
          "skipped": [],
          "duration": 1130,
          "root": false,
          "rootEmpty": false,
          "_timeout": 2000
        }
      ],
      "passes": [],
      "failures": [],
      "pending": [],
      "skipped": [],
      "duration": 0,
      "root": true,
      "rootEmpty": true,
      "_timeout": 2000
    }
  ],
  "meta": {
    "mocha": {
      "version": "7.0.1"
    },
    "mochawesome": {
      "options": {
        "quiet": false,
        "reportFilename": "mochawesome",
        "saveHtml": false,
        "saveJson": true,
        "consoleReporter": "spec",
        "useInlineDiffs": false,
        "code": true
      },
      "version": "7.1.3"
    },
    "marge": {
      "options": {
        "overwrite": false,
        "html": false,
        "json": true
      },
      "version": "6.2.0"
    }
  }
}