{
  "stats": {
    "suites": 1,
    "tests": 2,
    "passes": 2,
    "pending": 0,
    "failures": 0,
    "start": "2023-08-24T12:17:41.215Z",
    "end": "2023-08-24T12:17:42.028Z",
    "duration": 813,
    "testsRegistered": 2,
    "passPercent": 100,
    "pendingPercent": 0,
    "other": 0,
    "hasOther": false,
    "skipped": 0,
    "hasSkipped": false
  },
  "results": [
    {
      "uuid": "572fff7a-d67d-48a0-9031-a54b10e991ca",
      "title": "",
      "fullFile": "cypress/e2e/healthapp/create_individual.cy.js",
      "file": "cypress/e2e/healthapp/create_individual.cy.js",
      "beforeHooks": [],
      "afterHooks": [],
      "tests": [],
      "suites": [
        {
          "uuid": "ddd201e7-4de0-4bf8-a5ae-97edc820ec7d",
          "title": "Create Individual Test suite",
          "fullFile": "",
          "file": "",
          "beforeHooks": [],
          "afterHooks": [],
          "tests": [
            {
              "title": "Create Individual with valid data",
              "fullTitle": "Create Individual Test suite Create Individual with valid data",
              "timedOut": null,
              "duration": 656,
              "state": "passed",
              "speed": "fast",
              "pass": true,
              "fail": false,
              "pending": false,
              "context": null,
              "code": "let cusData = individual.createIndividual;\ncusData.RequestInfo.authToken = `${accessToken}`;\ncy.postCall('/individual/v1/_create', cusData).should(response => {\n  expect(response.status).to.eq(202);\n});",
              "err": {},
              "uuid": "347b378b-d1e7-4bf5-8348-465bf770060f",
              "parentUUID": "ddd201e7-4de0-4bf8-a5ae-97edc820ec7d",
              "isHook": false,
              "skipped": false
            },
            {
              "title": "Create Individual with valid data and invalid auth",
              "fullTitle": "Create Individual Test suite Create Individual with valid data and invalid auth",
              "timedOut": null,
              "duration": 115,
              "state": "passed",
              "speed": "fast",
              "pass": true,
              "fail": false,
              "pending": false,
              "context": null,
              "code": "let cusData = individual.createIndividual;\ncusData.RequestInfo.authToken = `invalidtoken`;\ncy.postCall('/household/v1/_create', cusData).should(response => {\n  //Authentication failure should retun 401 but here its 500\n  expect(response.status).to.eq(500);\n});",
              "err": {},
              "uuid": "5c26397f-da89-4d9c-a5ae-f4b16af5347c",
              "parentUUID": "ddd201e7-4de0-4bf8-a5ae-97edc820ec7d",
              "isHook": false,
              "skipped": false
            }
          ],
          "suites": [],
          "passes": [
            "347b378b-d1e7-4bf5-8348-465bf770060f",
            "5c26397f-da89-4d9c-a5ae-f4b16af5347c"
          ],
          "failures": [],
          "pending": [],
          "skipped": [],
          "duration": 771,
          "root": false,
          "rootEmpty": false,
          "_timeout": 2000
        }
      ],
      "passes": [],
      "failures": [],
      "pending": [],
      "skipped": [],
      "duration": 0,
      "root": true,
      "rootEmpty": true,
      "_timeout": 2000
    }
  ],
  "meta": {
    "mocha": {
      "version": "7.0.1"
    },
    "mochawesome": {
      "options": {
        "quiet": false,
        "reportFilename": "mochawesome",
        "saveHtml": false,
        "saveJson": true,
        "consoleReporter": "spec",
        "useInlineDiffs": false,
        "code": true
      },
      "version": "7.1.3"
    },
    "marge": {
      "options": {
        "overwrite": false,
        "html": false,
        "json": true
      },
      "version": "6.2.0"
    }
  }
}